{"/Users/liyonglong/lylpros/dynamic-mock-express/index.js":{"path":"/Users/liyonglong/lylpros/dynamic-mock-express/index.js","s":{"1":1,"2":1,"3":1,"4":1,"5":1,"6":3,"7":12,"8":0,"9":12,"10":12,"11":2,"12":2,"13":10,"14":10,"15":6,"16":1,"17":1,"18":1,"19":1,"20":1,"21":9,"22":4,"23":1,"24":6,"25":6,"26":46,"27":46,"28":14,"29":14,"30":9,"31":5,"32":13,"33":0,"34":5,"35":5,"36":5,"37":32,"38":9,"39":4,"40":9,"41":9,"42":9,"43":9,"44":1,"45":8,"46":3,"47":5,"48":0,"49":9,"50":9,"51":7,"52":2,"53":9,"54":9,"55":9,"56":9,"57":0,"58":0,"59":1,"60":183,"61":1,"62":61,"63":1,"64":61,"65":1,"66":61,"67":1,"68":61,"69":30,"70":45,"71":61,"72":4,"73":61,"74":1,"75":3,"76":61,"77":1,"78":0,"79":0,"80":0,"81":0,"82":0,"83":0,"84":1,"85":5,"86":5,"87":13,"88":8,"89":8,"90":8,"91":5,"92":1,"93":12,"94":1,"95":12,"96":62,"97":12,"98":6135,"99":0,"100":1,"101":12,"102":12,"103":12,"104":62,"105":50,"106":62},"b":{"1":[12,0],"2":[12,12],"3":[12,0],"4":[10,2],"5":[12,0],"6":[12,0],"7":[12,0],"8":[12,0],"9":[12,7],"10":[2,10],"11":[12,11,10],"12":[6,4],"13":[1,5],"14":[1,0],"15":[4,5],"16":[14,32],"17":[9,5],"18":[0,13],"19":[13,8],"20":[1,8],"21":[1,0],"22":[3,5],"23":[3,0],"24":[0,5],"25":[0,0],"26":[7,2],"27":[2,0],"28":[30,31],"29":[4,57],"30":[1,60],"31":[0,0],"32":[8,5],"33":[8,0],"34":[0,6135],"35":[12,0],"36":[12,12]},"f":{"1":3,"2":12,"3":0,"4":6,"5":46,"6":4,"7":9,"8":183,"9":61,"10":61,"11":61,"12":61,"13":45,"14":0,"15":0,"16":5,"17":12,"18":12,"19":62,"20":6135,"21":12,"22":62,"23":50},"fnMap":{"1":{"name":"(anonymous_1)","line":6,"loc":{"start":{"line":6,"column":17},"end":{"line":6,"column":35}}},"2":{"name":"(anonymous_2)","line":7,"loc":{"start":{"line":7,"column":11},"end":{"line":7,"column":37}}},"3":{"name":"(anonymous_3)","line":11,"loc":{"start":{"line":11,"column":38},"end":{"line":11,"column":50}}},"4":{"name":"isMatch","line":57,"loc":{"start":{"line":57,"column":8},"end":{"line":57,"column":36}}},"5":{"name":"(anonymous_5)","line":59,"loc":{"start":{"line":59,"column":28},"end":{"line":59,"column":44}}},"6":{"name":"(anonymous_6)","line":80,"loc":{"start":{"line":80,"column":23},"end":{"line":80,"column":40}}},"7":{"name":"(anonymous_7)","line":83,"loc":{"start":{"line":83,"column":22},"end":{"line":83,"column":34}}},"8":{"name":"getType","line":119,"loc":{"start":{"line":119,"column":8},"end":{"line":119,"column":30}}},"9":{"name":"isArray","line":123,"loc":{"start":{"line":123,"column":8},"end":{"line":123,"column":30}}},"10":{"name":"isFunc","line":127,"loc":{"start":{"line":127,"column":8},"end":{"line":127,"column":29}}},"11":{"name":"isObject","line":131,"loc":{"start":{"line":131,"column":8},"end":{"line":131,"column":31}}},"12":{"name":"travel","line":135,"loc":{"start":{"line":135,"column":8},"end":{"line":135,"column":36}}},"13":{"name":"(anonymous_13)","line":137,"loc":{"start":{"line":137,"column":40},"end":{"line":137,"column":54}}},"14":{"name":"getFormData","line":154,"loc":{"start":{"line":154,"column":8},"end":{"line":154,"column":34}}},"15":{"name":"(anonymous_15)","line":157,"loc":{"start":{"line":157,"column":33},"end":{"line":157,"column":64}}},"16":{"name":"getParams","line":165,"loc":{"start":{"line":165,"column":8},"end":{"line":165,"column":55}}},"17":{"name":"deleteCache","line":179,"loc":{"start":{"line":179,"column":8},"end":{"line":179,"column":31}}},"18":{"name":"purgeCache","line":183,"loc":{"start":{"line":183,"column":8},"end":{"line":183,"column":40}}},"19":{"name":"(anonymous_19)","line":184,"loc":{"start":{"line":184,"column":36},"end":{"line":184,"column":51}}},"20":{"name":"(anonymous_20)","line":187,"loc":{"start":{"line":187,"column":63},"end":{"line":187,"column":82}}},"21":{"name":"searchCache","line":194,"loc":{"start":{"line":194,"column":8},"end":{"line":194,"column":51}}},"22":{"name":"traverse","line":198,"loc":{"start":{"line":198,"column":17},"end":{"line":198,"column":40}}},"23":{"name":"(anonymous_23)","line":199,"loc":{"start":{"line":199,"column":41},"end":{"line":199,"column":58}}}},"statementMap":{"1":{"start":{"line":2,"column":0},"end":{"line":2,"column":27}},"2":{"start":{"line":3,"column":0},"end":{"line":3,"column":25}},"3":{"start":{"line":4,"column":0},"end":{"line":4,"column":29}},"4":{"start":{"line":5,"column":0},"end":{"line":5,"column":44}},"5":{"start":{"line":6,"column":0},"end":{"line":208,"column":2}},"6":{"start":{"line":7,"column":4},"end":{"line":207,"column":6}},"7":{"start":{"line":8,"column":8},"end":{"line":31,"column":26}},"8":{"start":{"line":12,"column":16},"end":{"line":12,"column":29}},"9":{"start":{"line":32,"column":12},"end":{"line":32,"column":26}},"10":{"start":{"line":34,"column":8},"end":{"line":37,"column":9}},"11":{"start":{"line":35,"column":12},"end":{"line":35,"column":19}},"12":{"start":{"line":36,"column":12},"end":{"line":36,"column":19}},"13":{"start":{"line":39,"column":8},"end":{"line":39,"column":71}},"14":{"start":{"line":42,"column":8},"end":{"line":51,"column":9}},"15":{"start":{"line":43,"column":12},"end":{"line":50,"column":13}},"16":{"start":{"line":44,"column":16},"end":{"line":47,"column":17}},"17":{"start":{"line":45,"column":20},"end":{"line":45,"column":62}},"18":{"start":{"line":46,"column":20},"end":{"line":46,"column":110}},"19":{"start":{"line":48,"column":16},"end":{"line":48,"column":23}},"20":{"start":{"line":49,"column":16},"end":{"line":49,"column":23}},"21":{"start":{"line":52,"column":8},"end":{"line":54,"column":9}},"22":{"start":{"line":53,"column":12},"end":{"line":53,"column":37}},"23":{"start":{"line":57,"column":8},"end":{"line":78,"column":9}},"24":{"start":{"line":58,"column":12},"end":{"line":58,"column":40}},"25":{"start":{"line":59,"column":12},"end":{"line":77,"column":15}},"26":{"start":{"line":60,"column":16},"end":{"line":60,"column":43}},"27":{"start":{"line":61,"column":16},"end":{"line":76,"column":17}},"28":{"start":{"line":62,"column":20},"end":{"line":62,"column":42}},"29":{"start":{"line":63,"column":20},"end":{"line":65,"column":21}},"30":{"start":{"line":64,"column":24},"end":{"line":64,"column":37}},"31":{"start":{"line":66,"column":20},"end":{"line":70,"column":21}},"32":{"start":{"line":67,"column":24},"end":{"line":69,"column":25}},"33":{"start":{"line":68,"column":28},"end":{"line":68,"column":41}},"34":{"start":{"line":71,"column":20},"end":{"line":71,"column":41}},"35":{"start":{"line":72,"column":20},"end":{"line":72,"column":62}},"36":{"start":{"line":73,"column":20},"end":{"line":73,"column":32}},"37":{"start":{"line":75,"column":20},"end":{"line":75,"column":33}},"38":{"start":{"line":80,"column":8},"end":{"line":82,"column":11}},"39":{"start":{"line":81,"column":12},"end":{"line":81,"column":31}},"40":{"start":{"line":83,"column":8},"end":{"line":117,"column":11}},"41":{"start":{"line":84,"column":12},"end":{"line":116,"column":13}},"42":{"start":{"line":85,"column":16},"end":{"line":85,"column":43}},"43":{"start":{"line":86,"column":16},"end":{"line":98,"column":17}},"44":{"start":{"line":87,"column":20},"end":{"line":89,"column":31}},"45":{"start":{"line":90,"column":23},"end":{"line":98,"column":17}},"46":{"start":{"line":91,"column":20},"end":{"line":93,"column":31}},"47":{"start":{"line":94,"column":23},"end":{"line":98,"column":17}},"48":{"start":{"line":95,"column":20},"end":{"line":97,"column":31}},"49":{"start":{"line":99,"column":16},"end":{"line":99,"column":82}},"50":{"start":{"line":101,"column":16},"end":{"line":105,"column":17}},"51":{"start":{"line":102,"column":20},"end":{"line":102,"column":42}},"52":{"start":{"line":104,"column":20},"end":{"line":104,"column":42}},"53":{"start":{"line":108,"column":16},"end":{"line":108,"column":48}},"54":{"start":{"line":110,"column":16},"end":{"line":110,"column":88}},"55":{"start":{"line":111,"column":16},"end":{"line":111,"column":51}},"56":{"start":{"line":112,"column":16},"end":{"line":112,"column":26}},"57":{"start":{"line":114,"column":16},"end":{"line":114,"column":32}},"58":{"start":{"line":115,"column":16},"end":{"line":115,"column":23}},"59":{"start":{"line":119,"column":8},"end":{"line":121,"column":9}},"60":{"start":{"line":120,"column":12},"end":{"line":120,"column":55}},"61":{"start":{"line":123,"column":8},"end":{"line":125,"column":9}},"62":{"start":{"line":124,"column":12},"end":{"line":124,"column":53}},"63":{"start":{"line":127,"column":8},"end":{"line":129,"column":9}},"64":{"start":{"line":128,"column":12},"end":{"line":128,"column":56}},"65":{"start":{"line":131,"column":8},"end":{"line":133,"column":9}},"66":{"start":{"line":132,"column":12},"end":{"line":132,"column":54}},"67":{"start":{"line":135,"column":8},"end":{"line":152,"column":9}},"68":{"start":{"line":136,"column":12},"end":{"line":140,"column":13}},"69":{"start":{"line":137,"column":14},"end":{"line":139,"column":16}},"70":{"start":{"line":138,"column":18},"end":{"line":138,"column":54}},"71":{"start":{"line":142,"column":12},"end":{"line":144,"column":13}},"72":{"start":{"line":143,"column":14},"end":{"line":143,"column":46}},"73":{"start":{"line":146,"column":12},"end":{"line":150,"column":13}},"74":{"start":{"line":147,"column":14},"end":{"line":149,"column":15}},"75":{"start":{"line":148,"column":16},"end":{"line":148,"column":48}},"76":{"start":{"line":151,"column":12},"end":{"line":151,"column":24}},"77":{"start":{"line":154,"column":8},"end":{"line":163,"column":9}},"78":{"start":{"line":155,"column":12},"end":{"line":155,"column":57}},"79":{"start":{"line":156,"column":12},"end":{"line":156,"column":42}},"80":{"start":{"line":157,"column":12},"end":{"line":161,"column":15}},"81":{"start":{"line":158,"column":16},"end":{"line":160,"column":17}},"82":{"start":{"line":159,"column":20},"end":{"line":159,"column":35}},"83":{"start":{"line":162,"column":12},"end":{"line":162,"column":23}},"84":{"start":{"line":165,"column":8},"end":{"line":176,"column":9}},"85":{"start":{"line":166,"column":12},"end":{"line":166,"column":45}},"86":{"start":{"line":167,"column":12},"end":{"line":174,"column":13}},"87":{"start":{"line":168,"column":16},"end":{"line":173,"column":17}},"88":{"start":{"line":169,"column":20},"end":{"line":169,"column":61}},"89":{"start":{"line":170,"column":20},"end":{"line":172,"column":21}},"90":{"start":{"line":171,"column":24},"end":{"line":171,"column":49}},"91":{"start":{"line":175,"column":12},"end":{"line":175,"column":26}},"92":{"start":{"line":179,"column":8},"end":{"line":181,"column":9}},"93":{"start":{"line":180,"column":12},"end":{"line":180,"column":49}},"94":{"start":{"line":183,"column":8},"end":{"line":192,"column":9}},"95":{"start":{"line":184,"column":12},"end":{"line":186,"column":15}},"96":{"start":{"line":185,"column":16},"end":{"line":185,"column":45}},"97":{"start":{"line":187,"column":12},"end":{"line":191,"column":15}},"98":{"start":{"line":188,"column":16},"end":{"line":190,"column":17}},"99":{"start":{"line":189,"column":20},"end":{"line":189,"column":67}},"100":{"start":{"line":194,"column":8},"end":{"line":205,"column":9}},"101":{"start":{"line":195,"column":12},"end":{"line":195,"column":50}},"102":{"start":{"line":197,"column":12},"end":{"line":204,"column":13}},"103":{"start":{"line":198,"column":16},"end":{"line":203,"column":24}},"104":{"start":{"line":199,"column":20},"end":{"line":201,"column":23}},"105":{"start":{"line":200,"column":24},"end":{"line":200,"column":40}},"106":{"start":{"line":202,"column":20},"end":{"line":202,"column":34}}},"branchMap":{"1":{"line":8,"type":"binary-expr","locations":[{"start":{"line":8,"column":22},"end":{"line":8,"column":36}},{"start":{"line":8,"column":40},"end":{"line":8,"column":46}}]},"2":{"line":9,"type":"binary-expr","locations":[{"start":{"line":9,"column":20},"end":{"line":9,"column":32}},{"start":{"line":9,"column":36},"end":{"line":9,"column":46}}]},"3":{"line":11,"type":"binary-expr","locations":[{"start":{"line":11,"column":21},"end":{"line":11,"column":34}},{"start":{"line":11,"column":38},"end":{"line":13,"column":13}}]},"4":{"line":15,"type":"cond-expr","locations":[{"start":{"line":15,"column":32},"end":{"line":15,"column":50}},{"start":{"line":15,"column":53},"end":{"line":15,"column":57}}]},"5":{"line":16,"type":"binary-expr","locations":[{"start":{"line":16,"column":21},"end":{"line":16,"column":34}},{"start":{"line":16,"column":38},"end":{"line":16,"column":57}}]},"6":{"line":17,"type":"binary-expr","locations":[{"start":{"line":17,"column":21},"end":{"line":17,"column":34}},{"start":{"line":17,"column":38},"end":{"line":17,"column":40}}]},"7":{"line":18,"type":"cond-expr","locations":[{"start":{"line":18,"column":49},"end":{"line":18,"column":59}},{"start":{"line":18,"column":62},"end":{"line":18,"column":66}}]},"8":{"line":19,"type":"cond-expr","locations":[{"start":{"line":19,"column":59},"end":{"line":19,"column":74}},{"start":{"line":19,"column":77},"end":{"line":19,"column":81}}]},"9":{"line":25,"type":"binary-expr","locations":[{"start":{"line":25,"column":26},"end":{"line":25,"column":53}},{"start":{"line":25,"column":57},"end":{"line":25,"column":83}}]},"10":{"line":34,"type":"if","locations":[{"start":{"line":34,"column":8},"end":{"line":34,"column":8}},{"start":{"line":34,"column":8},"end":{"line":34,"column":8}}]},"11":{"line":34,"type":"binary-expr","locations":[{"start":{"line":34,"column":12},"end":{"line":34,"column":21}},{"start":{"line":34,"column":25},"end":{"line":34,"column":57}},{"start":{"line":34,"column":61},"end":{"line":34,"column":84}}]},"12":{"line":42,"type":"if","locations":[{"start":{"line":42,"column":8},"end":{"line":42,"column":8}},{"start":{"line":42,"column":8},"end":{"line":42,"column":8}}]},"13":{"line":43,"type":"if","locations":[{"start":{"line":43,"column":12},"end":{"line":43,"column":12}},{"start":{"line":43,"column":12},"end":{"line":43,"column":12}}]},"14":{"line":44,"type":"if","locations":[{"start":{"line":44,"column":16},"end":{"line":44,"column":16}},{"start":{"line":44,"column":16},"end":{"line":44,"column":16}}]},"15":{"line":52,"type":"if","locations":[{"start":{"line":52,"column":8},"end":{"line":52,"column":8}},{"start":{"line":52,"column":8},"end":{"line":52,"column":8}}]},"16":{"line":61,"type":"if","locations":[{"start":{"line":61,"column":16},"end":{"line":61,"column":16}},{"start":{"line":61,"column":16},"end":{"line":61,"column":16}}]},"17":{"line":63,"type":"if","locations":[{"start":{"line":63,"column":20},"end":{"line":63,"column":20}},{"start":{"line":63,"column":20},"end":{"line":63,"column":20}}]},"18":{"line":67,"type":"if","locations":[{"start":{"line":67,"column":24},"end":{"line":67,"column":24}},{"start":{"line":67,"column":24},"end":{"line":67,"column":24}}]},"19":{"line":67,"type":"binary-expr","locations":[{"start":{"line":67,"column":28},"end":{"line":67,"column":48}},{"start":{"line":67,"column":52},"end":{"line":67,"column":70}}]},"20":{"line":86,"type":"if","locations":[{"start":{"line":86,"column":16},"end":{"line":86,"column":16}},{"start":{"line":86,"column":16},"end":{"line":86,"column":16}}]},"21":{"line":87,"type":"cond-expr","locations":[{"start":{"line":88,"column":26},"end":{"line":88,"column":51}},{"start":{"line":89,"column":26},"end":{"line":89,"column":30}}]},"22":{"line":90,"type":"if","locations":[{"start":{"line":90,"column":23},"end":{"line":90,"column":23}},{"start":{"line":90,"column":23},"end":{"line":90,"column":23}}]},"23":{"line":91,"type":"cond-expr","locations":[{"start":{"line":92,"column":26},"end":{"line":92,"column":44}},{"start":{"line":93,"column":26},"end":{"line":93,"column":30}}]},"24":{"line":94,"type":"if","locations":[{"start":{"line":94,"column":23},"end":{"line":94,"column":23}},{"start":{"line":94,"column":23},"end":{"line":94,"column":23}}]},"25":{"line":95,"type":"cond-expr","locations":[{"start":{"line":96,"column":26},"end":{"line":96,"column":45}},{"start":{"line":97,"column":26},"end":{"line":97,"column":30}}]},"26":{"line":101,"type":"if","locations":[{"start":{"line":101,"column":16},"end":{"line":101,"column":16}},{"start":{"line":101,"column":16},"end":{"line":101,"column":16}}]},"27":{"line":104,"type":"binary-expr","locations":[{"start":{"line":104,"column":30},"end":{"line":104,"column":35}},{"start":{"line":104,"column":39},"end":{"line":104,"column":41}}]},"28":{"line":136,"type":"if","locations":[{"start":{"line":136,"column":12},"end":{"line":136,"column":12}},{"start":{"line":136,"column":12},"end":{"line":136,"column":12}}]},"29":{"line":142,"type":"if","locations":[{"start":{"line":142,"column":12},"end":{"line":142,"column":12}},{"start":{"line":142,"column":12},"end":{"line":142,"column":12}}]},"30":{"line":146,"type":"if","locations":[{"start":{"line":146,"column":12},"end":{"line":146,"column":12}},{"start":{"line":146,"column":12},"end":{"line":146,"column":12}}]},"31":{"line":158,"type":"if","locations":[{"start":{"line":158,"column":16},"end":{"line":158,"column":16}},{"start":{"line":158,"column":16},"end":{"line":158,"column":16}}]},"32":{"line":168,"type":"if","locations":[{"start":{"line":168,"column":16},"end":{"line":168,"column":16}},{"start":{"line":168,"column":16},"end":{"line":168,"column":16}}]},"33":{"line":170,"type":"if","locations":[{"start":{"line":170,"column":20},"end":{"line":170,"column":20}},{"start":{"line":170,"column":20},"end":{"line":170,"column":20}}]},"34":{"line":188,"type":"if","locations":[{"start":{"line":188,"column":16},"end":{"line":188,"column":16}},{"start":{"line":188,"column":16},"end":{"line":188,"column":16}}]},"35":{"line":197,"type":"if","locations":[{"start":{"line":197,"column":12},"end":{"line":197,"column":12}},{"start":{"line":197,"column":12},"end":{"line":197,"column":12}}]},"36":{"line":197,"type":"binary-expr","locations":[{"start":{"line":197,"column":16},"end":{"line":197,"column":19}},{"start":{"line":197,"column":24},"end":{"line":197,"column":64}}]}}}}