{"D:\\project\\dynamic-mock-express\\index.js":{"path":"D:\\project\\dynamic-mock-express\\index.js","s":{"1":1,"2":1,"3":1,"4":1,"5":1,"6":3,"7":11,"8":0,"9":11,"10":11,"11":2,"12":2,"13":9,"14":9,"15":5,"16":1,"17":1,"18":1,"19":1,"20":8,"21":4,"22":1,"23":5,"24":5,"25":26,"26":26,"27":8,"28":8,"29":4,"30":4,"31":10,"32":0,"33":4,"34":4,"35":4,"36":18,"37":8,"38":4,"39":8,"40":8,"41":8,"42":8,"43":1,"44":7,"45":3,"46":4,"47":0,"48":8,"49":7,"50":1,"51":8,"52":8,"53":8,"54":0,"55":1,"56":0,"57":0,"58":0,"59":0,"60":0,"61":0,"62":1,"63":4,"64":4,"65":10,"66":7,"67":7,"68":7,"69":4,"70":1,"71":11,"72":1,"73":11,"74":65,"75":11,"76":5624,"77":0,"78":1,"79":11,"80":11,"81":11,"82":65,"83":54,"84":65},"b":{"1":[11,0],"2":[11,11],"3":[11,0],"4":[11,0],"5":[11,0],"6":[11,0],"7":[11,0],"8":[11,6],"9":[2,9],"10":[11,10,9],"11":[5,4],"12":[1,4],"13":[1,0],"14":[4,4],"15":[8,18],"16":[4,4],"17":[0,10],"18":[10,7],"19":[1,7],"20":[1,0],"21":[3,4],"22":[3,0],"23":[0,4],"24":[0,0],"25":[7,1],"26":[1,0],"27":[0,0],"28":[7,3],"29":[7,0],"30":[0,5624],"31":[11,0],"32":[11,11]},"f":{"1":3,"2":11,"3":0,"4":5,"5":26,"6":4,"7":8,"8":0,"9":0,"10":4,"11":11,"12":11,"13":65,"14":5624,"15":11,"16":65,"17":54},"fnMap":{"1":{"name":"(anonymous_1)","line":6,"loc":{"start":{"line":6,"column":17},"end":{"line":6,"column":35}}},"2":{"name":"(anonymous_2)","line":7,"loc":{"start":{"line":7,"column":11},"end":{"line":7,"column":37}}},"3":{"name":"(anonymous_3)","line":11,"loc":{"start":{"line":11,"column":38},"end":{"line":11,"column":50}}},"4":{"name":"isMatch","line":54,"loc":{"start":{"line":54,"column":8},"end":{"line":54,"column":36}}},"5":{"name":"(anonymous_5)","line":57,"loc":{"start":{"line":57,"column":28},"end":{"line":57,"column":44}}},"6":{"name":"(anonymous_6)","line":78,"loc":{"start":{"line":78,"column":23},"end":{"line":78,"column":40}}},"7":{"name":"(anonymous_7)","line":81,"loc":{"start":{"line":81,"column":22},"end":{"line":81,"column":34}}},"8":{"name":"getFormData","line":113,"loc":{"start":{"line":113,"column":8},"end":{"line":113,"column":34}}},"9":{"name":"(anonymous_9)","line":116,"loc":{"start":{"line":116,"column":33},"end":{"line":116,"column":64}}},"10":{"name":"getParams","line":124,"loc":{"start":{"line":124,"column":8},"end":{"line":124,"column":55}}},"11":{"name":"deleteCache","line":137,"loc":{"start":{"line":137,"column":8},"end":{"line":137,"column":31}}},"12":{"name":"purgeCache","line":142,"loc":{"start":{"line":142,"column":8},"end":{"line":142,"column":40}}},"13":{"name":"(anonymous_13)","line":144,"loc":{"start":{"line":144,"column":36},"end":{"line":144,"column":51}}},"14":{"name":"(anonymous_14)","line":150,"loc":{"start":{"line":150,"column":61},"end":{"line":150,"column":80}}},"15":{"name":"searchCache","line":160,"loc":{"start":{"line":160,"column":8},"end":{"line":160,"column":51}}},"16":{"name":"traverse","line":167,"loc":{"start":{"line":167,"column":17},"end":{"line":167,"column":40}}},"17":{"name":"(anonymous_17)","line":169,"loc":{"start":{"line":169,"column":41},"end":{"line":169,"column":58}}}},"statementMap":{"1":{"start":{"line":2,"column":0},"end":{"line":2,"column":27}},"2":{"start":{"line":3,"column":0},"end":{"line":3,"column":25}},"3":{"start":{"line":4,"column":0},"end":{"line":4,"column":29}},"4":{"start":{"line":5,"column":0},"end":{"line":5,"column":44}},"5":{"start":{"line":6,"column":0},"end":{"line":180,"column":2}},"6":{"start":{"line":7,"column":4},"end":{"line":179,"column":6}},"7":{"start":{"line":8,"column":8},"end":{"line":28,"column":26}},"8":{"start":{"line":12,"column":16},"end":{"line":12,"column":29}},"9":{"start":{"line":29,"column":12},"end":{"line":29,"column":26}},"10":{"start":{"line":31,"column":8},"end":{"line":34,"column":9}},"11":{"start":{"line":32,"column":12},"end":{"line":32,"column":19}},"12":{"start":{"line":33,"column":12},"end":{"line":33,"column":19}},"13":{"start":{"line":36,"column":8},"end":{"line":36,"column":71}},"14":{"start":{"line":39,"column":8},"end":{"line":47,"column":9}},"15":{"start":{"line":40,"column":12},"end":{"line":46,"column":13}},"16":{"start":{"line":41,"column":16},"end":{"line":43,"column":17}},"17":{"start":{"line":42,"column":20},"end":{"line":42,"column":95}},"18":{"start":{"line":44,"column":16},"end":{"line":44,"column":23}},"19":{"start":{"line":45,"column":16},"end":{"line":45,"column":23}},"20":{"start":{"line":48,"column":8},"end":{"line":50,"column":9}},"21":{"start":{"line":49,"column":12},"end":{"line":49,"column":37}},"22":{"start":{"line":54,"column":8},"end":{"line":76,"column":9}},"23":{"start":{"line":55,"column":12},"end":{"line":55,"column":40}},"24":{"start":{"line":57,"column":12},"end":{"line":75,"column":15}},"25":{"start":{"line":58,"column":16},"end":{"line":58,"column":43}},"26":{"start":{"line":59,"column":16},"end":{"line":74,"column":17}},"27":{"start":{"line":60,"column":20},"end":{"line":60,"column":42}},"28":{"start":{"line":61,"column":20},"end":{"line":63,"column":21}},"29":{"start":{"line":62,"column":24},"end":{"line":62,"column":37}},"30":{"start":{"line":64,"column":20},"end":{"line":68,"column":21}},"31":{"start":{"line":65,"column":24},"end":{"line":67,"column":25}},"32":{"start":{"line":66,"column":28},"end":{"line":66,"column":41}},"33":{"start":{"line":69,"column":20},"end":{"line":69,"column":41}},"34":{"start":{"line":70,"column":20},"end":{"line":70,"column":62}},"35":{"start":{"line":71,"column":20},"end":{"line":71,"column":32}},"36":{"start":{"line":73,"column":20},"end":{"line":73,"column":33}},"37":{"start":{"line":78,"column":8},"end":{"line":80,"column":11}},"38":{"start":{"line":79,"column":12},"end":{"line":79,"column":31}},"39":{"start":{"line":81,"column":8},"end":{"line":110,"column":11}},"40":{"start":{"line":82,"column":12},"end":{"line":109,"column":13}},"41":{"start":{"line":83,"column":16},"end":{"line":83,"column":43}},"42":{"start":{"line":84,"column":16},"end":{"line":96,"column":17}},"43":{"start":{"line":85,"column":20},"end":{"line":87,"column":31}},"44":{"start":{"line":88,"column":23},"end":{"line":96,"column":17}},"45":{"start":{"line":89,"column":20},"end":{"line":91,"column":31}},"46":{"start":{"line":92,"column":23},"end":{"line":96,"column":17}},"47":{"start":{"line":93,"column":20},"end":{"line":95,"column":31}},"48":{"start":{"line":98,"column":16},"end":{"line":102,"column":17}},"49":{"start":{"line":99,"column":20},"end":{"line":99,"column":80}},"50":{"start":{"line":101,"column":20},"end":{"line":101,"column":42}},"51":{"start":{"line":104,"column":16},"end":{"line":104,"column":88}},"52":{"start":{"line":105,"column":16},"end":{"line":105,"column":51}},"53":{"start":{"line":106,"column":16},"end":{"line":106,"column":26}},"54":{"start":{"line":108,"column":16},"end":{"line":108,"column":32}},"55":{"start":{"line":113,"column":8},"end":{"line":122,"column":9}},"56":{"start":{"line":114,"column":12},"end":{"line":114,"column":57}},"57":{"start":{"line":115,"column":12},"end":{"line":115,"column":42}},"58":{"start":{"line":116,"column":12},"end":{"line":120,"column":15}},"59":{"start":{"line":117,"column":16},"end":{"line":119,"column":17}},"60":{"start":{"line":118,"column":20},"end":{"line":118,"column":35}},"61":{"start":{"line":121,"column":12},"end":{"line":121,"column":23}},"62":{"start":{"line":124,"column":8},"end":{"line":135,"column":9}},"63":{"start":{"line":125,"column":12},"end":{"line":125,"column":45}},"64":{"start":{"line":126,"column":12},"end":{"line":133,"column":13}},"65":{"start":{"line":127,"column":16},"end":{"line":132,"column":17}},"66":{"start":{"line":128,"column":20},"end":{"line":128,"column":61}},"67":{"start":{"line":129,"column":20},"end":{"line":131,"column":21}},"68":{"start":{"line":130,"column":24},"end":{"line":130,"column":49}},"69":{"start":{"line":134,"column":12},"end":{"line":134,"column":26}},"70":{"start":{"line":137,"column":8},"end":{"line":140,"column":9}},"71":{"start":{"line":139,"column":12},"end":{"line":139,"column":49}},"72":{"start":{"line":142,"column":8},"end":{"line":155,"column":9}},"73":{"start":{"line":144,"column":12},"end":{"line":146,"column":15}},"74":{"start":{"line":145,"column":16},"end":{"line":145,"column":45}},"75":{"start":{"line":150,"column":10},"end":{"line":154,"column":15}},"76":{"start":{"line":151,"column":16},"end":{"line":153,"column":17}},"77":{"start":{"line":152,"column":20},"end":{"line":152,"column":67}},"78":{"start":{"line":160,"column":8},"end":{"line":177,"column":9}},"79":{"start":{"line":162,"column":12},"end":{"line":162,"column":50}},"80":{"start":{"line":165,"column":12},"end":{"line":176,"column":13}},"81":{"start":{"line":167,"column":16},"end":{"line":175,"column":24}},"82":{"start":{"line":169,"column":20},"end":{"line":171,"column":23}},"83":{"start":{"line":170,"column":24},"end":{"line":170,"column":40}},"84":{"start":{"line":174,"column":20},"end":{"line":174,"column":34}}},"branchMap":{"1":{"line":8,"type":"binary-expr","locations":[{"start":{"line":8,"column":22},"end":{"line":8,"column":36}},{"start":{"line":8,"column":40},"end":{"line":8,"column":46}}]},"2":{"line":9,"type":"binary-expr","locations":[{"start":{"line":9,"column":20},"end":{"line":9,"column":32}},{"start":{"line":9,"column":36},"end":{"line":9,"column":46}}]},"3":{"line":11,"type":"binary-expr","locations":[{"start":{"line":11,"column":21},"end":{"line":11,"column":34}},{"start":{"line":11,"column":38},"end":{"line":13,"column":13}}]},"4":{"line":14,"type":"binary-expr","locations":[{"start":{"line":14,"column":21},"end":{"line":14,"column":34}},{"start":{"line":14,"column":38},"end":{"line":14,"column":57}}]},"5":{"line":15,"type":"binary-expr","locations":[{"start":{"line":15,"column":21},"end":{"line":15,"column":34}},{"start":{"line":15,"column":38},"end":{"line":15,"column":40}}]},"6":{"line":16,"type":"cond-expr","locations":[{"start":{"line":16,"column":49},"end":{"line":16,"column":59}},{"start":{"line":16,"column":62},"end":{"line":16,"column":66}}]},"7":{"line":17,"type":"cond-expr","locations":[{"start":{"line":17,"column":59},"end":{"line":17,"column":74}},{"start":{"line":17,"column":77},"end":{"line":17,"column":81}}]},"8":{"line":22,"type":"binary-expr","locations":[{"start":{"line":22,"column":26},"end":{"line":22,"column":53}},{"start":{"line":22,"column":57},"end":{"line":22,"column":83}}]},"9":{"line":31,"type":"if","locations":[{"start":{"line":31,"column":8},"end":{"line":31,"column":8}},{"start":{"line":31,"column":8},"end":{"line":31,"column":8}}]},"10":{"line":31,"type":"binary-expr","locations":[{"start":{"line":31,"column":12},"end":{"line":31,"column":21}},{"start":{"line":31,"column":25},"end":{"line":31,"column":57}},{"start":{"line":31,"column":61},"end":{"line":31,"column":84}}]},"11":{"line":39,"type":"if","locations":[{"start":{"line":39,"column":8},"end":{"line":39,"column":8}},{"start":{"line":39,"column":8},"end":{"line":39,"column":8}}]},"12":{"line":40,"type":"if","locations":[{"start":{"line":40,"column":12},"end":{"line":40,"column":12}},{"start":{"line":40,"column":12},"end":{"line":40,"column":12}}]},"13":{"line":41,"type":"if","locations":[{"start":{"line":41,"column":16},"end":{"line":41,"column":16}},{"start":{"line":41,"column":16},"end":{"line":41,"column":16}}]},"14":{"line":48,"type":"if","locations":[{"start":{"line":48,"column":8},"end":{"line":48,"column":8}},{"start":{"line":48,"column":8},"end":{"line":48,"column":8}}]},"15":{"line":59,"type":"if","locations":[{"start":{"line":59,"column":16},"end":{"line":59,"column":16}},{"start":{"line":59,"column":16},"end":{"line":59,"column":16}}]},"16":{"line":61,"type":"if","locations":[{"start":{"line":61,"column":20},"end":{"line":61,"column":20}},{"start":{"line":61,"column":20},"end":{"line":61,"column":20}}]},"17":{"line":65,"type":"if","locations":[{"start":{"line":65,"column":24},"end":{"line":65,"column":24}},{"start":{"line":65,"column":24},"end":{"line":65,"column":24}}]},"18":{"line":65,"type":"binary-expr","locations":[{"start":{"line":65,"column":28},"end":{"line":65,"column":48}},{"start":{"line":65,"column":52},"end":{"line":65,"column":70}}]},"19":{"line":84,"type":"if","locations":[{"start":{"line":84,"column":16},"end":{"line":84,"column":16}},{"start":{"line":84,"column":16},"end":{"line":84,"column":16}}]},"20":{"line":85,"type":"cond-expr","locations":[{"start":{"line":86,"column":26},"end":{"line":86,"column":51}},{"start":{"line":87,"column":26},"end":{"line":87,"column":30}}]},"21":{"line":88,"type":"if","locations":[{"start":{"line":88,"column":23},"end":{"line":88,"column":23}},{"start":{"line":88,"column":23},"end":{"line":88,"column":23}}]},"22":{"line":89,"type":"cond-expr","locations":[{"start":{"line":90,"column":26},"end":{"line":90,"column":44}},{"start":{"line":91,"column":26},"end":{"line":91,"column":30}}]},"23":{"line":92,"type":"if","locations":[{"start":{"line":92,"column":23},"end":{"line":92,"column":23}},{"start":{"line":92,"column":23},"end":{"line":92,"column":23}}]},"24":{"line":93,"type":"cond-expr","locations":[{"start":{"line":94,"column":26},"end":{"line":94,"column":45}},{"start":{"line":95,"column":26},"end":{"line":95,"column":30}}]},"25":{"line":98,"type":"if","locations":[{"start":{"line":98,"column":16},"end":{"line":98,"column":16}},{"start":{"line":98,"column":16},"end":{"line":98,"column":16}}]},"26":{"line":101,"type":"binary-expr","locations":[{"start":{"line":101,"column":30},"end":{"line":101,"column":35}},{"start":{"line":101,"column":39},"end":{"line":101,"column":41}}]},"27":{"line":117,"type":"if","locations":[{"start":{"line":117,"column":16},"end":{"line":117,"column":16}},{"start":{"line":117,"column":16},"end":{"line":117,"column":16}}]},"28":{"line":127,"type":"if","locations":[{"start":{"line":127,"column":16},"end":{"line":127,"column":16}},{"start":{"line":127,"column":16},"end":{"line":127,"column":16}}]},"29":{"line":129,"type":"if","locations":[{"start":{"line":129,"column":20},"end":{"line":129,"column":20}},{"start":{"line":129,"column":20},"end":{"line":129,"column":20}}]},"30":{"line":151,"type":"if","locations":[{"start":{"line":151,"column":16},"end":{"line":151,"column":16}},{"start":{"line":151,"column":16},"end":{"line":151,"column":16}}]},"31":{"line":165,"type":"if","locations":[{"start":{"line":165,"column":12},"end":{"line":165,"column":12}},{"start":{"line":165,"column":12},"end":{"line":165,"column":12}}]},"32":{"line":165,"type":"binary-expr","locations":[{"start":{"line":165,"column":16},"end":{"line":165,"column":19}},{"start":{"line":165,"column":24},"end":{"line":165,"column":64}}]}}}}