TN:
SF:D:\project\dynamic-mock-express\src\index.js
FN:7,(anonymous_1)
FN:11,(anonymous_2)
FN:61,isMatch
FN:63,(anonymous_4)
FN:84,(anonymous_5)
FN:87,(anonymous_6)
FN:149,createEmpty
FN:153,getFuncParams
FN:160,getType
FN:164,isArray
FN:168,isFunc
FN:172,isObject
FN:177,convert
FN:181,travel
FN:183,(anonymous_15)
FN:201,getFormData
FN:204,(anonymous_17)
FN:212,getParams
FN:226,deleteCache
FN:230,purgeCache
FN:231,(anonymous_21)
FN:234,(anonymous_22)
FN:241,searchCache
FN:244,traverse
FN:245,(anonymous_25)
FNF:25
FNH:23
FNDA:3,(anonymous_1)
FNDA:13,(anonymous_2)
FNDA:6,isMatch
FNDA:50,(anonymous_4)
FNDA:4,(anonymous_5)
FNDA:10,(anonymous_6)
FNDA:44,createEmpty
FNDA:8,getFuncParams
FNDA:226,getType
FNDA:85,isArray
FNDA:71,isFunc
FNDA:70,isObject
FNDA:21,convert
FNDA:61,travel
FNDA:45,(anonymous_15)
FNDA:0,getFormData
FNDA:0,(anonymous_17)
FNDA:5,getParams
FNDA:13,deleteCache
FNDA:13,purgeCache
FNDA:68,(anonymous_21)
FNDA:6763,(anonymous_22)
FNDA:13,searchCache
FNDA:68,traverse
FNDA:55,(anonymous_25)
DA:2,1
DA:3,1
DA:4,1
DA:5,1
DA:6,1
DA:7,1
DA:11,3
DA:12,13
DA:13,13
DA:14,0
DA:23,13
DA:36,13
DA:38,13
DA:39,2
DA:40,2
DA:43,11
DA:46,11
DA:48,6
DA:49,1
DA:50,1
DA:52,1
DA:53,1
DA:56,10
DA:57,5
DA:61,1
DA:62,6
DA:63,6
DA:64,50
DA:65,50
DA:66,14
DA:67,14
DA:68,9
DA:70,5
DA:71,13
DA:72,0
DA:75,5
DA:76,5
DA:77,5
DA:79,36
DA:84,10
DA:85,4
DA:87,10
DA:88,10
DA:89,10
DA:90,10
DA:91,1
DA:94,9
DA:95,3
DA:98,6
DA:99,0
DA:103,10
DA:109,10
DA:110,8
DA:112,8
DA:113,1
DA:114,1
DA:115,1
DA:116,1
DA:118,7
DA:120,2
DA:124,9
DA:126,9
DA:127,0
DA:128,0
DA:129,0
DA:132,9
DA:135,9
DA:136,9
DA:137,9
DA:138,9
DA:141,0
DA:144,0
DA:145,0
DA:149,1
DA:150,44
DA:153,1
DA:154,8
DA:155,8
DA:156,7
DA:160,1
DA:161,226
DA:164,1
DA:165,85
DA:168,1
DA:169,71
DA:172,1
DA:173,70
DA:177,1
DA:178,21
DA:181,1
DA:182,61
DA:183,30
DA:184,45
DA:188,61
DA:189,4
DA:192,61
DA:193,1
DA:194,3
DA:198,61
DA:201,1
DA:202,0
DA:203,0
DA:204,0
DA:205,0
DA:206,0
DA:209,0
DA:212,1
DA:213,5
DA:214,5
DA:215,13
DA:216,8
DA:217,8
DA:218,8
DA:222,5
DA:226,1
DA:227,13
DA:230,1
DA:231,13
DA:232,68
DA:234,13
DA:235,6763
DA:236,0
DA:241,1
DA:242,13
DA:243,13
DA:244,13
DA:245,68
DA:246,55
DA:248,68
LF:129
LH:113
BRDA:28,1,0,13
BRDA:28,1,1,8
BRDA:38,2,0,2
BRDA:38,2,1,11
BRDA:38,3,0,13
BRDA:38,3,1,12
BRDA:38,3,2,11
BRDA:46,4,0,6
BRDA:46,4,1,5
BRDA:48,5,0,1
BRDA:48,5,1,5
BRDA:49,6,0,1
BRDA:49,6,1,0
BRDA:56,7,0,5
BRDA:56,7,1,5
BRDA:65,8,0,14
BRDA:65,8,1,36
BRDA:67,9,0,9
BRDA:67,9,1,5
BRDA:71,10,0,0
BRDA:71,10,1,13
BRDA:71,11,0,13
BRDA:71,11,1,8
BRDA:90,12,0,1
BRDA:90,12,1,9
BRDA:91,13,0,1
BRDA:91,13,1,0
BRDA:94,14,0,3
BRDA:94,14,1,6
BRDA:95,15,0,3
BRDA:95,15,1,0
BRDA:98,16,0,0
BRDA:98,16,1,6
BRDA:99,17,0,0
BRDA:99,17,1,0
BRDA:109,18,0,8
BRDA:109,18,1,2
BRDA:112,19,0,1
BRDA:112,19,1,7
BRDA:112,20,0,8
BRDA:112,20,1,7
BRDA:120,21,0,2
BRDA:120,21,1,0
BRDA:126,22,0,0
BRDA:126,22,1,9
BRDA:126,23,0,9
BRDA:126,23,1,9
BRDA:136,24,0,9
BRDA:136,24,1,0
BRDA:155,25,0,7
BRDA:155,25,1,1
BRDA:155,26,0,8
BRDA:155,26,1,7
BRDA:178,27,0,16
BRDA:178,27,1,5
BRDA:182,28,0,30
BRDA:182,28,1,31
BRDA:188,29,0,4
BRDA:188,29,1,57
BRDA:192,30,0,1
BRDA:192,30,1,60
BRDA:198,31,0,13
BRDA:198,31,1,48
BRDA:205,32,0,0
BRDA:205,32,1,0
BRDA:215,33,0,8
BRDA:215,33,1,5
BRDA:217,34,0,8
BRDA:217,34,1,0
BRDA:235,35,0,0
BRDA:235,35,1,6763
BRDA:243,36,0,13
BRDA:243,36,1,0
BRDA:243,37,0,13
BRDA:243,37,1,13
BRF:75
BRH:60
end_of_record
