TN:
SF:D:\project\dynamic-mock-express\index.js
FN:6,(anonymous_1)
FN:7,(anonymous_2)
FN:11,(anonymous_3)
FN:54,isMatch
FN:56,(anonymous_5)
FN:77,(anonymous_6)
FN:80,(anonymous_7)
FN:115,getType
FN:119,isArray
FN:123,isFunc
FN:127,isObject
FN:131,travel
FN:133,(anonymous_13)
FN:150,getFormData
FN:153,(anonymous_15)
FN:161,getParams
FN:175,deleteCache
FN:179,purgeCache
FN:180,(anonymous_19)
FN:183,(anonymous_20)
FN:190,searchCache
FN:193,traverse
FN:194,(anonymous_23)
FNF:23
FNH:20
FNDA:3,(anonymous_1)
FNDA:12,(anonymous_2)
FNDA:0,(anonymous_3)
FNDA:6,isMatch
FNDA:36,(anonymous_5)
FNDA:4,(anonymous_6)
FNDA:9,(anonymous_7)
FNDA:183,getType
FNDA:61,isArray
FNDA:61,isFunc
FNDA:61,isObject
FNDA:61,travel
FNDA:45,(anonymous_13)
FNDA:0,getFormData
FNDA:0,(anonymous_15)
FNDA:5,getParams
FNDA:12,deleteCache
FNDA:12,purgeCache
FNDA:62,(anonymous_19)
FNDA:6123,(anonymous_20)
FNDA:12,searchCache
FNDA:62,traverse
FNDA:50,(anonymous_23)
DA:2,1
DA:3,1
DA:4,1
DA:5,1
DA:6,1
DA:7,3
DA:8,12
DA:12,0
DA:29,12
DA:31,12
DA:32,2
DA:33,2
DA:36,10
DA:39,10
DA:40,6
DA:41,1
DA:42,1
DA:43,1
DA:45,1
DA:46,1
DA:49,9
DA:50,4
DA:54,1
DA:55,6
DA:56,6
DA:57,36
DA:58,36
DA:59,10
DA:60,10
DA:61,5
DA:63,5
DA:64,13
DA:65,0
DA:68,5
DA:69,5
DA:70,5
DA:72,26
DA:77,9
DA:78,4
DA:80,9
DA:81,9
DA:82,9
DA:83,9
DA:84,1
DA:87,8
DA:88,3
DA:91,5
DA:92,0
DA:97,9
DA:98,7
DA:100,2
DA:104,9
DA:106,9
DA:107,9
DA:108,9
DA:110,0
DA:111,0
DA:115,1
DA:116,183
DA:119,1
DA:120,61
DA:123,1
DA:124,61
DA:127,1
DA:128,61
DA:131,1
DA:132,61
DA:133,30
DA:134,45
DA:138,61
DA:139,4
DA:142,61
DA:143,1
DA:144,3
DA:147,61
DA:150,1
DA:151,0
DA:152,0
DA:153,0
DA:154,0
DA:155,0
DA:158,0
DA:161,1
DA:162,5
DA:163,5
DA:164,13
DA:165,8
DA:166,8
DA:167,8
DA:171,5
DA:175,1
DA:176,12
DA:179,1
DA:180,12
DA:181,62
DA:183,12
DA:184,6123
DA:185,0
DA:190,1
DA:191,12
DA:192,12
DA:193,12
DA:194,62
DA:195,50
DA:197,62
LF:105
LH:93
BRDA:8,1,0,12
BRDA:8,1,1,0
BRDA:9,2,0,12
BRDA:9,2,1,12
BRDA:11,3,0,12
BRDA:11,3,1,0
BRDA:14,4,0,12
BRDA:14,4,1,0
BRDA:15,5,0,12
BRDA:15,5,1,0
BRDA:16,6,0,12
BRDA:16,6,1,0
BRDA:17,7,0,12
BRDA:17,7,1,0
BRDA:22,8,0,12
BRDA:22,8,1,7
BRDA:31,9,0,2
BRDA:31,9,1,10
BRDA:31,10,0,12
BRDA:31,10,1,11
BRDA:31,10,2,10
BRDA:39,11,0,6
BRDA:39,11,1,4
BRDA:40,12,0,1
BRDA:40,12,1,5
BRDA:41,13,0,1
BRDA:41,13,1,0
BRDA:49,14,0,4
BRDA:49,14,1,5
BRDA:58,15,0,10
BRDA:58,15,1,26
BRDA:60,16,0,5
BRDA:60,16,1,5
BRDA:64,17,0,0
BRDA:64,17,1,13
BRDA:64,18,0,13
BRDA:64,18,1,8
BRDA:83,19,0,1
BRDA:83,19,1,8
BRDA:84,20,0,1
BRDA:84,20,1,0
BRDA:87,21,0,3
BRDA:87,21,1,5
BRDA:88,22,0,3
BRDA:88,22,1,0
BRDA:91,23,0,0
BRDA:91,23,1,5
BRDA:92,24,0,0
BRDA:92,24,1,0
BRDA:97,25,0,7
BRDA:97,25,1,2
BRDA:100,26,0,2
BRDA:100,26,1,0
BRDA:132,27,0,30
BRDA:132,27,1,31
BRDA:138,28,0,4
BRDA:138,28,1,57
BRDA:142,29,0,1
BRDA:142,29,1,60
BRDA:154,30,0,0
BRDA:154,30,1,0
BRDA:164,31,0,8
BRDA:164,31,1,5
BRDA:166,32,0,8
BRDA:166,32,1,0
BRDA:184,33,0,0
BRDA:184,33,1,6123
BRDA:192,34,0,12
BRDA:192,34,1,0
BRDA:192,35,0,12
BRDA:192,35,1,12
BRF:71
BRH:52
end_of_record
